2026-04-09 15:21:30 +00:00: Warning: connect.session() MemoryStore is not
2026-04-09 15:21:30 +00:00: designed for a production environment, as it will leak
2026-04-09 15:21:30 +00:00: memory, and will not scale past a single process.
2026-04-10 01:32:38 +00:00: Warning: connect.session() MemoryStore is not
2026-04-10 01:32:38 +00:00: designed for a production environment, as it will leak
2026-04-10 01:32:38 +00:00: memory, and will not scale past a single process.
2026-04-10 14:20:31 +00:00: [status] Twilio credentials missing — cannot register status callback
2026-04-10 14:25:35 +00:00: [status] Twilio credentials missing — cannot register status callback
2026-04-10 15:12:49 +00:00: [status] Twilio credentials missing — cannot register status callback
2026-04-10 15:34:42 +00:00: Warning: connect.session() MemoryStore is not
2026-04-10 15:34:42 +00:00: designed for a production environment, as it will leak
2026-04-10 15:34:42 +00:00: memory, and will not scale past a single process.
2026-04-10 15:44:42 +00:00: [admin/roger/generate] failed: Error: ELEVENLABS_API_KEY is not configured
2026-04-10 15:44:42 +00:00:     at Qd (/apps/chatline/dist/index.cjs:354:21251)
2026-04-10 15:44:42 +00:00:     at /apps/chatline/dist/index.cjs:909:24553
2026-04-10 15:44:42 +00:00:     at io.handleRequest (/apps/chatline/dist/index.cjs:31:15879)
2026-04-10 15:44:42 +00:00:     at p (/apps/chatline/dist/index.cjs:31:17794)
2026-04-10 15:44:42 +00:00:     at no.dispatch (/apps/chatline/dist/index.cjs:31:17550)
2026-04-10 15:44:42 +00:00:     at r (/apps/chatline/dist/index.cjs:31:21608)
2026-04-10 15:44:42 +00:00:     at io.handleRequest (/apps/chatline/dist/index.cjs:31:15879)
2026-04-10 15:44:42 +00:00:     at /apps/chatline/dist/index.cjs:31:20490
2026-04-10 15:44:42 +00:00:     at qH (/apps/chatline/dist/index.cjs:31:22502)
2026-04-10 15:44:42 +00:00:     at g (/apps/chatline/dist/index.cjs:31:20444)
2026-04-10 15:54:40 +00:00: Warning: connect.session() MemoryStore is not
2026-04-10 15:54:40 +00:00: designed for a production environment, as it will leak
2026-04-10 15:54:40 +00:00: memory, and will not scale past a single process.
2026-04-10 16:05:00 +00:00: Warning: connect.session() MemoryStore is not
2026-04-10 16:05:00 +00:00: designed for a production environment, as it will leak
2026-04-10 16:05:00 +00:00: memory, and will not scale past a single process.
2026-04-10 16:09:43 +00:00: Warning: connect.session() MemoryStore is not
2026-04-10 16:09:43 +00:00: designed for a production environment, as it will leak
2026-04-10 16:09:43 +00:00: memory, and will not scale past a single process.
2026-04-10 16:10:02 +00:00: [admin/roger/generate] failed: Error: ElevenLabs API error 400: {"detail":{"type":"invalid_request","code":"bad_request","message":"You need to be on the creator tier or above to use this voice.","status":"free_users_not_allowed","request_id":"0c78da9e779a7ef93efefc1795a4425d"}}
2026-04-10 16:10:02 +00:00:     at Qd (/apps/chatline/dist/index.cjs:354:21619)
2026-04-10 16:10:02 +00:00:     at process.processTicksAndRejections (node:internal/process/task_queues:105:5)
2026-04-10 16:10:02 +00:00:     at async /apps/chatline/dist/index.cjs:909:24547
2026-04-10 16:15:06 +00:00: Warning: connect.session() MemoryStore is not
2026-04-10 16:15:06 +00:00: designed for a production environment, as it will leak
2026-04-10 16:15:06 +00:00: memory, and will not scale past a single process.
2026-04-10 16:39:10 +00:00: Warning: connect.session() MemoryStore is not
2026-04-10 16:39:10 +00:00: designed for a production environment, as it will leak
2026-04-10 16:39:10 +00:00: memory, and will not scale past a single process.
2026-04-10 16:40:58 +00:00: Warning: connect.session() MemoryStore is not
2026-04-10 16:40:58 +00:00: designed for a production environment, as it will leak
2026-04-10 16:40:58 +00:00: memory, and will not scale past a single process.
2026-04-10 16:43:44 +00:00: Warning: connect.session() MemoryStore is not
2026-04-10 16:43:44 +00:00: designed for a production environment, as it will leak
2026-04-10 16:43:44 +00:00: memory, and will not scale past a single process.
2026-04-10 16:44:10 +00:00: Warning: connect.session() MemoryStore is not
2026-04-10 16:44:10 +00:00: designed for a production environment, as it will leak
2026-04-10 16:44:10 +00:00: memory, and will not scale past a single process.
2026-04-10 16:44:10 +00:00: (node:2616861) ExperimentalWarning: CommonJS module /apps/chatline/dist/index.cjs is loading ES Module /apps/chatline/node_modules/music-metadata/lib/index.js using require().
2026-04-10 16:44:10 +00:00: Support for loading ES Module in require() is an experimental feature and might change at any time
2026-04-10 16:44:10 +00:00: (Use `node --trace-warnings ...` to show where the warning was created)
2026-04-10 16:44:21 +00:00: Warning: connect.session() MemoryStore is not
2026-04-10 16:44:21 +00:00: designed for a production environment, as it will leak
2026-04-10 16:44:21 +00:00: memory, and will not scale past a single process.
2026-04-10 16:44:21 +00:00: (node:2617113) ExperimentalWarning: CommonJS module /apps/chatline/dist/index.cjs is loading ES Module /apps/chatline/node_modules/music-metadata/lib/index.js using require().
2026-04-10 16:44:21 +00:00: Support for loading ES Module in require() is an experimental feature and might change at any time
2026-04-10 16:44:21 +00:00: (Use `node --trace-warnings ...` to show where the warning was created)
2026-04-10 16:47:39 +00:00: Warning: connect.session() MemoryStore is not
2026-04-10 16:47:39 +00:00: designed for a production environment, as it will leak
2026-04-10 16:47:39 +00:00: memory, and will not scale past a single process.
2026-04-10 16:47:39 +00:00: (node:2620135) ExperimentalWarning: CommonJS module /apps/chatline/dist/index.cjs is loading ES Module /apps/chatline/node_modules/music-metadata/lib/index.js using require().
2026-04-10 16:47:39 +00:00: Support for loading ES Module in require() is an experimental feature and might change at any time
2026-04-10 16:47:39 +00:00: (Use `node --trace-warnings ...` to show where the warning was created)
2026-04-10 16:49:48 +00:00: Warning: connect.session() MemoryStore is not
2026-04-10 16:49:48 +00:00: designed for a production environment, as it will leak
2026-04-10 16:49:48 +00:00: memory, and will not scale past a single process.
2026-04-10 16:49:48 +00:00: (node:2622257) ExperimentalWarning: CommonJS module /apps/chatline/dist/index.cjs is loading ES Module /apps/chatline/node_modules/music-metadata/lib/index.js using require().
2026-04-10 16:49:48 +00:00: Support for loading ES Module in require() is an experimental feature and might change at any time
2026-04-10 16:49:48 +00:00: (Use `node --trace-warnings ...` to show where the warning was created)
2026-04-10 16:50:56 +00:00: Warning: connect.session() MemoryStore is not
2026-04-10 16:50:56 +00:00: designed for a production environment, as it will leak
2026-04-10 16:50:56 +00:00: memory, and will not scale past a single process.
2026-04-10 16:50:57 +00:00: (node:2623415) ExperimentalWarning: CommonJS module /apps/chatline/dist/index.cjs is loading ES Module /apps/chatline/node_modules/music-metadata/lib/index.js using require().
2026-04-10 16:50:57 +00:00: Support for loading ES Module in require() is an experimental feature and might change at any time
2026-04-10 16:50:57 +00:00: (Use `node --trace-warnings ...` to show where the warning was created)
2026-04-10 16:59:53 +00:00: Warning: connect.session() MemoryStore is not
2026-04-10 16:59:53 +00:00: designed for a production environment, as it will leak
2026-04-10 16:59:53 +00:00: memory, and will not scale past a single process.
2026-04-10 16:59:53 +00:00: (node:2631600) ExperimentalWarning: CommonJS module /apps/chatline/dist/index.cjs is loading ES Module /apps/chatline/node_modules/music-metadata/lib/index.js using require().
2026-04-10 16:59:53 +00:00: Support for loading ES Module in require() is an experimental feature and might change at any time
2026-04-10 16:59:53 +00:00: (Use `node --trace-warnings ...` to show where the warning was created)
2026-04-10 17:00:00 +00:00: Warning: connect.session() MemoryStore is not
2026-04-10 17:00:00 +00:00: designed for a production environment, as it will leak
2026-04-10 17:00:00 +00:00: memory, and will not scale past a single process.
2026-04-10 17:00:00 +00:00: (node:2631772) ExperimentalWarning: CommonJS module /apps/chatline/dist/index.cjs is loading ES Module /apps/chatline/node_modules/music-metadata/lib/index.js using require().
2026-04-10 17:00:00 +00:00: Support for loading ES Module in require() is an experimental feature and might change at any time
2026-04-10 17:00:00 +00:00: (Use `node --trace-warnings ...` to show where the warning was created)
2026-04-10 17:01:15 +00:00: Warning: connect.session() MemoryStore is not
2026-04-10 17:01:15 +00:00: designed for a production environment, as it will leak
2026-04-10 17:01:15 +00:00: memory, and will not scale past a single process.
2026-04-10 17:01:15 +00:00: (node:2633160) ExperimentalWarning: CommonJS module /apps/chatline/dist/index.cjs is loading ES Module /apps/chatline/node_modules/music-metadata/lib/index.js using require().
2026-04-10 17:01:15 +00:00: Support for loading ES Module in require() is an experimental feature and might change at any time
2026-04-10 17:01:15 +00:00: (Use `node --trace-warnings ...` to show where the warning was created)
2026-04-10 17:01:38 +00:00: Warning: connect.session() MemoryStore is not
2026-04-10 17:01:38 +00:00: designed for a production environment, as it will leak
2026-04-10 17:01:38 +00:00: memory, and will not scale past a single process.
2026-04-10 17:01:38 +00:00: (node:2633610) ExperimentalWarning: CommonJS module /apps/chatline/dist/index.cjs is loading ES Module /apps/chatline/node_modules/music-metadata/lib/index.js using require().
2026-04-10 17:01:38 +00:00: Support for loading ES Module in require() is an experimental feature and might change at any time
2026-04-10 17:01:38 +00:00: (Use `node --trace-warnings ...` to show where the warning was created)
2026-04-10 17:02:33 +00:00: Warning: connect.session() MemoryStore is not
2026-04-10 17:02:33 +00:00: designed for a production environment, as it will leak
2026-04-10 17:02:33 +00:00: memory, and will not scale past a single process.
2026-04-10 17:02:33 +00:00: (node:2634678) ExperimentalWarning: CommonJS module /apps/chatline/dist/index.cjs is loading ES Module /apps/chatline/node_modules/music-metadata/lib/index.js using require().
2026-04-10 17:02:33 +00:00: Support for loading ES Module in require() is an experimental feature and might change at any time
2026-04-10 17:02:33 +00:00: (Use `node --trace-warnings ...` to show where the warning was created)
